2025-03-15 19:00:14,387 [INFO] Activator:176 - 


2025-03-15 19:00:14,388 [INFO] Activator:177 - !SESSION log4j initialized
2025-03-15 19:00:16,022 [INFO] LogOutputStream:77 - [STDOUT_REDIRECT] 
2025-03-15 19:00:21,588 [INFO] ApplicationProperties:184 - Using Application install path: C:\ST\STM32CubeIDE_1.18.0\STM32CubeIDE\plugins\com.st.stm32cube.common.mx_6.14.0.202502271554
2025-03-15 19:00:21,598 [INFO] DbMcusXml:78 - Set database path to: C:\ST\STM32CubeIDE_1.18.0\STM32CubeIDE\plugins\com.st.stm32cube.common.mx_6.14.0.202502271554\\db\/mcu/
2025-03-15 19:00:21,599 [INFO] ApiDb:274 - Set plugin database path to: C:\ST\STM32CubeIDE_1.18.0\STM32CubeIDE\plugins\com.st.stm32cube.common.mx_6.14.0.202502271554\\db\/plugins/boardmanager/
2025-03-15 19:00:21,606 [WARN] ApiDb:259 - Overriding images path with different value:  => C:\ST\STM32CubeIDE_1.18.0\STM32CubeIDE\plugins\com.st.stm32cube.common.mx_6.14.0.202502271554\\db\/plugins/mcufinder/images/
2025-03-15 19:00:21,608 [INFO] ApiDb:250 - Set database path to: C:\Users\zacv\.stmcufinder\plugins\mcufinder//mcu/
2025-03-15 19:00:21,609 [INFO] DbMcusAds:125 - Set database path to: C:\Users\zacv\.stmcufinder\plugins\mcufinder//mcu/
2025-03-15 19:00:21,610 [INFO] CrossReferenceDbSqlite:203 - Set database path to: C:\Users\zacv\.stmcufinder\plugins\mcufinder//mcu/cs/
2025-03-15 19:00:21,666 [INFO] RulesReader:64 - Compatibility file has been processed (301 Rules)
2025-03-15 19:00:21,708 [INFO] DbMcusXml:78 - Set database path to: C:\ST\STM32CubeIDE_1.18.0\STM32CubeIDE\plugins\com.st.stm32cube.common.mx_6.14.0.202502271554\\db\/mcu/
2025-03-15 19:00:21,708 [INFO] ApiDb:274 - Set plugin database path to: C:\ST\STM32CubeIDE_1.18.0\STM32CubeIDE\plugins\com.st.stm32cube.common.mx_6.14.0.202502271554\\db\/plugins/boardmanager/
2025-03-15 19:00:21,708 [INFO] ApiDb:261 - Set plugin images path to: C:\ST\STM32CubeIDE_1.18.0\STM32CubeIDE\plugins\com.st.stm32cube.common.mx_6.14.0.202502271554\\db\/plugins/mcufinder/images/
2025-03-15 19:00:21,708 [WARN] DbFile:41 - Overriding database path with different value: C:\Users\zacv\.stmcufinder\plugins\mcufinder/ => C:\Users\zacv\.stmcufinder\plugins\mcufinder
2025-03-15 19:00:21,708 [INFO] ApiDb:250 - Set database path to: C:\Users\zacv\.stmcufinder\plugins\mcufinder//mcu/
2025-03-15 19:00:21,708 [WARN] DbFile:41 - Overriding database path with different value: C:\Users\zacv\.stmcufinder\plugins\mcufinder/ => C:\Users\zacv\.stmcufinder\plugins\mcufinder
2025-03-15 19:00:21,708 [INFO] DbMcusAds:125 - Set database path to: C:\Users\zacv\.stmcufinder\plugins\mcufinder//mcu/
2025-03-15 19:00:21,709 [WARN] DbFile:41 - Overriding database path with different value: C:\Users\zacv\.stmcufinder\plugins\mcufinder/ => C:\Users\zacv\.stmcufinder\plugins\mcufinder
2025-03-15 19:00:21,709 [WARN] DbFile:41 - Overriding database path with different value: C:\Users\zacv\.stmcufinder\plugins\mcufinder/ => C:\Users\zacv\.stmcufinder\plugins\mcufinder
2025-03-15 19:00:21,709 [INFO] CrossReferenceDbSqlite:203 - Set database path to: C:\Users\zacv\.stmcufinder\plugins\mcufinder//mcu/cs/
2025-03-15 19:00:21,746 [INFO] MainPanel:272 - HeapMemory: 268435456
2025-03-15 19:00:21,789 [INFO] DbMcusXml:78 - Set database path to: C:\ST\STM32CubeIDE_1.18.0\STM32CubeIDE\plugins\com.st.stm32cube.common.mx_6.14.0.202502271554\\db\/mcu/
2025-03-15 19:00:21,790 [INFO] ApiDb:274 - Set plugin database path to: C:\ST\STM32CubeIDE_1.18.0\STM32CubeIDE\plugins\com.st.stm32cube.common.mx_6.14.0.202502271554\\db\/plugins/boardmanager/
2025-03-15 19:00:21,790 [INFO] ApiDb:261 - Set plugin images path to: C:\ST\STM32CubeIDE_1.18.0\STM32CubeIDE\plugins\com.st.stm32cube.common.mx_6.14.0.202502271554\\db\/plugins/mcufinder/images/
2025-03-15 19:00:21,790 [WARN] DbFile:41 - Overriding database path with different value: C:\Users\zacv\.stmcufinder\plugins\mcufinder/ => C:\Users\zacv\.stmcufinder\plugins\mcufinder
2025-03-15 19:00:21,790 [INFO] ApiDb:250 - Set database path to: C:\Users\zacv\.stmcufinder\plugins\mcufinder//mcu/
2025-03-15 19:00:21,790 [WARN] DbFile:41 - Overriding database path with different value: C:\Users\zacv\.stmcufinder\plugins\mcufinder/ => C:\Users\zacv\.stmcufinder\plugins\mcufinder
2025-03-15 19:00:21,790 [INFO] DbMcusAds:125 - Set database path to: C:\Users\zacv\.stmcufinder\plugins\mcufinder//mcu/
2025-03-15 19:00:21,790 [WARN] DbFile:41 - Overriding database path with different value: C:\Users\zacv\.stmcufinder\plugins\mcufinder/ => C:\Users\zacv\.stmcufinder\plugins\mcufinder
2025-03-15 19:00:21,790 [WARN] DbFile:41 - Overriding database path with different value: C:\Users\zacv\.stmcufinder\plugins\mcufinder/ => C:\Users\zacv\.stmcufinder\plugins\mcufinder
2025-03-15 19:00:21,790 [INFO] CrossReferenceDbSqlite:203 - Set database path to: C:\Users\zacv\.stmcufinder\plugins\mcufinder//mcu/cs/
2025-03-15 19:00:21,800 [INFO] ApplicationProperties:184 - Using Application install path: C:\ST\STM32CubeIDE_1.18.0\STM32CubeIDE\plugins\com.st.stm32cube.common.mx_6.14.0.202502271554
2025-03-15 19:00:21,801 [INFO] PluginManage:196 - Search for loadable plugins [exclusion list=, ]
2025-03-15 19:00:21,801 [INFO] PluginManage:310 - Check plugin analytics
2025-03-15 19:00:26,499 [INFO] AnalyticsPlugin:253 - Accepted Software Licenses: 
2025-03-15 19:00:26,499 [INFO] AnalyticsPlugin:255 - Accepted CMSIS Pack Licenses: 
2025-03-15 19:00:26,499 [INFO] AnalyticsPlugin:257 - Accepted Firmware Licenses: FW.H7.1.12.0
2025-03-15 19:00:26,503 [INFO] PluginManage:359 - Loaded plugin analytics (category:tool,tabindex:-1)
2025-03-15 19:00:26,503 [INFO] PluginManage:310 - Check plugin cadmodel
2025-03-15 19:00:26,505 [INFO] CADModel:105 - Init CAD model plugin
2025-03-15 19:00:26,505 [INFO] PluginManage:359 - Loaded plugin cadmodel (category:power,tabindex:5)
2025-03-15 19:00:26,506 [INFO] PluginManage:310 - Check plugin clock
2025-03-15 19:00:26,509 [INFO] PluginManage:359 - Loaded plugin clock (category:base,tabindex:2)
2025-03-15 19:00:26,509 [INFO] PluginManage:310 - Check plugin ddr
2025-03-15 19:00:26,510 [INFO] PluginManage:359 - Loaded plugin ddr (category:tool,tabindex:6)
2025-03-15 19:00:26,511 [INFO] PluginManage:310 - Check plugin filemanager
2025-03-15 19:00:26,627 [INFO] PluginManage:359 - Loaded plugin filemanager (category:base,tabindex:10)
2025-03-15 19:00:26,627 [INFO] PluginManage:310 - Check plugin ipmanager
2025-03-15 19:00:26,631 [INFO] PluginManage:359 - Loaded plugin ipmanager (category:base,tabindex:5)
2025-03-15 19:00:26,631 [INFO] PluginManage:310 - Check plugin lpbam
2025-03-15 19:00:26,635 [INFO] PluginManage:359 - Loaded plugin lpbam (category:base,tabindex:0)
2025-03-15 19:00:26,635 [INFO] PluginManage:310 - Check plugin memorymap
2025-03-15 19:00:26,641 [INFO] PluginManage:359 - Loaded plugin memorymap (category:base,tabindex:4)
2025-03-15 19:00:26,641 [INFO] PluginManage:310 - Check plugin pinoutandconfiguration
2025-03-15 19:00:26,643 [INFO] PluginManage:359 - Loaded plugin pinoutandconfiguration (category:base,tabindex:1)
2025-03-15 19:00:26,643 [INFO] PluginManage:310 - Check plugin pinoutconfig
2025-03-15 19:00:26,689 [WARN] SupportedApi:132 - Cannot load RTOS API schema: s4s-elt-must-match.1: The content of 'definitions' must match (annotation?, (simpleType | complexType)?, (unique | key | keyref)*)). A problem was found starting at: attribute.
2025-03-15 19:00:26,750 [INFO] PluginManage:359 - Loaded plugin pinoutconfig (category:base,tabindex:0)
2025-03-15 19:00:26,750 [INFO] PluginManage:310 - Check plugin power
2025-03-15 19:00:26,754 [INFO] PluginManage:359 - Loaded plugin power (category:power,tabindex:4)
2025-03-15 19:00:26,754 [INFO] PluginManage:310 - Check plugin projectmanager
2025-03-15 19:00:26,762 [INFO] PluginManage:359 - Loaded plugin projectmanager (category:projectmanager,tabindex:4)
2025-03-15 19:00:26,762 [INFO] PluginManage:310 - Check plugin rif
2025-03-15 19:00:26,765 [INFO] PluginManage:359 - Loaded plugin rif (category:base,tabindex:3)
2025-03-15 19:00:26,765 [INFO] PluginManage:310 - Check plugin thirdparty
2025-03-15 19:00:26,829 [INFO] PluginManage:359 - Loaded plugin thirdparty (category:base,tabindex:-1)
2025-03-15 19:00:26,830 [INFO] PluginManage:310 - Check plugin tools
2025-03-15 19:00:26,829 [WARN] IntegrityCheckThread:84 - waiting for thirdparty lock release [integrity check]
2025-03-15 19:00:26,830 [INFO] IntegrityCheckThread:86 - entering critical section [integrity check]
2025-03-15 19:00:26,830 [INFO] ThirdPartyUpdaterWithRetryManager:70 - Updater plugin not ready yet. [1/15]
2025-03-15 19:00:26,831 [INFO] PluginManage:359 - Loaded plugin tools (category:base,tabindex:7)
2025-03-15 19:00:26,832 [INFO] PluginManage:310 - Check plugin tutovideos
2025-03-15 19:00:26,915 [INFO] PluginManage:359 - Loaded plugin tutovideos (category:base,tabindex:-1)
2025-03-15 19:00:26,916 [INFO] PluginManage:310 - Check plugin updater
2025-03-15 19:00:26,928 [INFO] PluginManage:359 - Loaded plugin updater (category:base,tabindex:12)
2025-03-15 19:00:26,928 [INFO] PluginManage:310 - Check plugin userauth
2025-03-15 19:00:26,930 [INFO] UserAuth:118 - Init User Auth plugin
2025-03-15 19:00:26,931 [INFO] PluginManage:359 - Loaded plugin userauth (category:base,tabindex:14)
2025-03-15 19:00:26,931 [INFO] PluginManage:283 - PluginManage : Loaded plugins [18]
2025-03-15 19:00:27,043 [INFO] PinOutPanel:1589 - setPackage(No Configuration,No Configuration)
2025-03-15 19:00:27,085 [INFO] CADModel:165 - CPN selected for project level
2025-03-15 19:00:27,086 [INFO] CADModel:114 - Register for checkConnection events
2025-03-15 19:00:27,093 [INFO] IPUIPlugin:80 - create IPUIPlugin
2025-03-15 19:00:27,093 [INFO] PluginManager:220 - loadIPPluginJar : add adc
2025-03-15 19:00:27,094 [INFO] IPUIPlugin:80 - create IPUIPlugin
2025-03-15 19:00:27,094 [INFO] PluginManager:220 - loadIPPluginJar : add aes
2025-03-15 19:00:27,095 [INFO] IPUIPlugin:80 - create IPUIPlugin
2025-03-15 19:00:27,095 [INFO] PluginManager:220 - loadIPPluginJar : add can
2025-03-15 19:00:27,096 [INFO] IPUIPlugin:80 - create IPUIPlugin
2025-03-15 19:00:27,096 [INFO] PluginManager:220 - loadIPPluginJar : add comp
2025-03-15 19:00:27,097 [INFO] IPUIPlugin:80 - create IPUIPlugin
2025-03-15 19:00:27,097 [INFO] PluginManager:220 - loadIPPluginJar : add cryp
2025-03-15 19:00:27,098 [INFO] IPUIPlugin:80 - create IPUIPlugin
2025-03-15 19:00:27,099 [INFO] PluginManager:220 - loadIPPluginJar : add ddr_ctrl_phy
2025-03-15 19:00:27,100 [INFO] IPUIPlugin:80 - create IPUIPlugin
2025-03-15 19:00:27,100 [INFO] PluginManager:220 - loadIPPluginJar : add dfsdm
2025-03-15 19:00:27,102 [INFO] IPUIPlugin:80 - create IPUIPlugin
2025-03-15 19:00:27,102 [INFO] PluginManager:220 - loadIPPluginJar : add dma
2025-03-15 19:00:27,103 [INFO] IPUIPlugin:80 - create IPUIPlugin
2025-03-15 19:00:27,103 [INFO] PluginManager:220 - loadIPPluginJar : add dma3
2025-03-15 19:00:27,105 [INFO] IPUIPlugin:80 - create IPUIPlugin
2025-03-15 19:00:27,105 [INFO] PluginManager:220 - loadIPPluginJar : add extmemmanager
2025-03-15 19:00:27,105 [INFO] IPUIPlugin:80 - create IPUIPlugin
2025-03-15 19:00:27,105 [INFO] PluginManager:220 - loadIPPluginJar : add fatfs
2025-03-15 19:00:27,107 [INFO] IPUIPlugin:80 - create IPUIPlugin
2025-03-15 19:00:27,107 [INFO] PluginManager:220 - loadIPPluginJar : add fmc
2025-03-15 19:00:27,110 [INFO] IPUIPlugin:80 - create IPUIPlugin
2025-03-15 19:00:27,110 [INFO] PluginManager:220 - loadIPPluginJar : add freertos
2025-03-15 19:00:27,111 [INFO] IPUIPlugin:80 - create IPUIPlugin
2025-03-15 19:00:27,111 [INFO] PluginManager:220 - loadIPPluginJar : add genericplugin
2025-03-15 19:00:27,112 [INFO] IPUIPlugin:80 - create IPUIPlugin
2025-03-15 19:00:27,112 [INFO] PluginManager:220 - loadIPPluginJar : add gfxmmu
2025-03-15 19:00:27,114 [INFO] IPUIPlugin:80 - create IPUIPlugin
2025-03-15 19:00:27,114 [INFO] PluginManager:220 - loadIPPluginJar : add gic
2025-03-15 19:00:27,115 [INFO] IPUIPlugin:80 - create IPUIPlugin
2025-03-15 19:00:27,116 [INFO] PluginManager:220 - loadIPPluginJar : add gpio
2025-03-15 19:00:27,117 [INFO] IPUIPlugin:80 - create IPUIPlugin
2025-03-15 19:00:27,117 [INFO] PluginManager:220 - loadIPPluginJar : add gtzc
2025-03-15 19:00:27,118 [INFO] IPUIPlugin:80 - create IPUIPlugin
2025-03-15 19:00:27,118 [INFO] PluginManager:220 - loadIPPluginJar : add hash
2025-03-15 19:00:27,119 [INFO] IPUIPlugin:80 - create IPUIPlugin
2025-03-15 19:00:27,119 [INFO] PluginManager:220 - loadIPPluginJar : add i2c
2025-03-15 19:00:27,120 [INFO] IPUIPlugin:80 - create IPUIPlugin
2025-03-15 19:00:27,120 [INFO] PluginManager:220 - loadIPPluginJar : add i2s
2025-03-15 19:00:27,122 [INFO] IPUIPlugin:80 - create IPUIPlugin
2025-03-15 19:00:27,122 [INFO] PluginManager:220 - loadIPPluginJar : add i3c
2025-03-15 19:00:27,123 [INFO] IPUIPlugin:80 - create IPUIPlugin
2025-03-15 19:00:27,123 [INFO] PluginManager:220 - loadIPPluginJar : add ipddr
2025-03-15 19:00:27,127 [INFO] IPUIPlugin:80 - create IPUIPlugin
2025-03-15 19:00:27,127 [INFO] PluginManager:220 - loadIPPluginJar : add linkedlist
2025-03-15 19:00:27,129 [INFO] IPUIPlugin:80 - create IPUIPlugin
2025-03-15 19:00:27,129 [INFO] PluginManager:220 - loadIPPluginJar : add lorawan
2025-03-15 19:00:27,130 [INFO] IPUIPlugin:80 - create IPUIPlugin
2025-03-15 19:00:27,130 [INFO] PluginManager:220 - loadIPPluginJar : add ltdc
2025-03-15 19:00:27,133 [INFO] IPUIPlugin:80 - create IPUIPlugin
2025-03-15 19:00:27,133 [INFO] PluginManager:220 - loadIPPluginJar : add mdma
2025-03-15 19:00:27,134 [INFO] IPUIPlugin:80 - create IPUIPlugin
2025-03-15 19:00:27,134 [INFO] PluginManager:220 - loadIPPluginJar : add nvic
2025-03-15 19:00:27,136 [INFO] IPUIPlugin:80 - create IPUIPlugin
2025-03-15 19:00:27,136 [INFO] PluginManager:220 - loadIPPluginJar : add opamp
2025-03-15 19:00:27,137 [INFO] IPUIPlugin:80 - create IPUIPlugin
2025-03-15 19:00:27,137 [INFO] PluginManager:220 - loadIPPluginJar : add openamp
2025-03-15 19:00:27,139 [INFO] IPUIPlugin:80 - create IPUIPlugin
2025-03-15 19:00:27,139 [INFO] PluginManager:220 - loadIPPluginJar : add pdm2pcm
2025-03-15 19:00:27,141 [INFO] IPUIPlugin:80 - create IPUIPlugin
2025-03-15 19:00:27,143 [INFO] PluginManager:220 - loadIPPluginJar : add plateformsettings
2025-03-15 19:00:27,144 [INFO] IPUIPlugin:80 - create IPUIPlugin
2025-03-15 19:00:27,144 [INFO] PluginManager:220 - loadIPPluginJar : add quadspi
2025-03-15 19:00:27,145 [INFO] IPUIPlugin:80 - create IPUIPlugin
2025-03-15 19:00:27,145 [INFO] PluginManager:220 - loadIPPluginJar : add radio
2025-03-15 19:00:27,148 [INFO] IPUIPlugin:80 - create IPUIPlugin
2025-03-15 19:00:27,148 [INFO] PluginManager:220 - loadIPPluginJar : add resmgrutility
2025-03-15 19:00:27,150 [INFO] IPUIPlugin:80 - create IPUIPlugin
2025-03-15 19:00:27,150 [INFO] PluginManager:220 - loadIPPluginJar : add sai
2025-03-15 19:00:27,151 [INFO] IPUIPlugin:80 - create IPUIPlugin
2025-03-15 19:00:27,151 [INFO] PluginManager:220 - loadIPPluginJar : add spi
2025-03-15 19:00:27,154 [INFO] IPUIPlugin:80 - create IPUIPlugin
2025-03-15 19:00:27,154 [INFO] PluginManager:220 - loadIPPluginJar : add stm32_wpan
2025-03-15 19:00:27,155 [INFO] IPUIPlugin:80 - create IPUIPlugin
2025-03-15 19:00:27,155 [INFO] PluginManager:220 - loadIPPluginJar : add tim
2025-03-15 19:00:27,157 [INFO] IPUIPlugin:80 - create IPUIPlugin
2025-03-15 19:00:27,157 [INFO] PluginManager:220 - loadIPPluginJar : add touchsensing
2025-03-15 19:00:27,158 [INFO] IPUIPlugin:80 - create IPUIPlugin
2025-03-15 19:00:27,158 [INFO] PluginManager:220 - loadIPPluginJar : add tracer_emb
2025-03-15 19:00:27,159 [INFO] IPUIPlugin:80 - create IPUIPlugin
2025-03-15 19:00:27,159 [INFO] PluginManager:220 - loadIPPluginJar : add ts
2025-03-15 19:00:27,160 [INFO] IPUIPlugin:80 - create IPUIPlugin
2025-03-15 19:00:27,160 [INFO] PluginManager:220 - loadIPPluginJar : add tsc
2025-03-15 19:00:27,161 [INFO] IPUIPlugin:80 - create IPUIPlugin
2025-03-15 19:00:27,161 [INFO] PluginManager:220 - loadIPPluginJar : add ucpd
2025-03-15 19:00:27,162 [INFO] IPUIPlugin:80 - create IPUIPlugin
2025-03-15 19:00:27,162 [INFO] PluginManager:220 - loadIPPluginJar : add usart
2025-03-15 19:00:27,164 [INFO] IPUIPlugin:80 - create IPUIPlugin
2025-03-15 19:00:27,164 [INFO] PluginManager:220 - loadIPPluginJar : add usbx
2025-03-15 19:00:27,269 [FATAL] Updater:351 - Updater called before beeing initialized
2025-03-15 19:00:27,283 [INFO] RulesReader:64 - Compatibility file has been processed (301 Rules)
2025-03-15 19:00:27,291 [INFO] RulesReader:64 - Compatibility file has been processed (301 Rules)
2025-03-15 19:00:27,299 [INFO] CADModel:165 - CPN selected for project level
2025-03-15 19:00:27,299 [INFO] CADModel:114 - Register for checkConnection events
2025-03-15 19:00:27,299 [FATAL] Updater:351 - Updater called before beeing initialized
2025-03-15 19:00:27,299 [ERROR] CADModel:125 - Updater not yet initialized, retry later 
2025-03-15 19:00:27,373 [FATAL] Updater:351 - Updater called before beeing initialized
2025-03-15 19:00:27,373 [INFO] CADModel:165 - CPN selected for project level
2025-03-15 19:00:27,373 [INFO] CADModel:114 - Register for checkConnection events
2025-03-15 19:00:27,373 [FATAL] Updater:351 - Updater called before beeing initialized
2025-03-15 19:00:27,374 [ERROR] CADModel:125 - Updater not yet initialized, retry later 
2025-03-15 19:00:27,375 [FATAL] Updater:351 - Updater called before beeing initialized
2025-03-15 19:00:27,434 [FATAL] Updater:351 - Updater called before beeing initialized
2025-03-15 19:00:27,436 [INFO] DbMcusAds:53 - JSON generation date=Thu Mar 06 08:54:21 CST 2025 (1741272861825)
2025-03-15 19:00:27,437 [FATAL] Updater:351 - Updater called before beeing initialized
2025-03-15 19:00:27,456 [WARN] DetailPanel:346 - Failed to get advertising image, set to default
2025-03-15 19:00:27,600 [FATAL] Updater:351 - Updater called before beeing initialized
2025-03-15 19:00:27,601 [FATAL] Updater:351 - Updater called before beeing initialized
2025-03-15 19:00:27,602 [FATAL] Updater:351 - Updater called before beeing initialized
2025-03-15 19:00:27,602 [WARN] DetailPanel:346 - Failed to get advertising image, set to default
2025-03-15 19:00:27,602 [FATAL] Updater:351 - Updater called before beeing initialized
2025-03-15 19:00:27,627 [ERROR] Updater:1198 - MainUpdater not yet initialized. External WinMGr cannot be set.
2025-03-15 19:00:27,628 [INFO] Updater:1134 - Updater Version found : 6.14.0
2025-03-15 19:00:27,637 [INFO] ApplicationProperties:184 - Using Application install path: C:\ST\STM32CubeIDE_1.18.0\STM32CubeIDE\plugins\com.st.stm32cube.common.mx_6.14.0.202502271554
2025-03-15 19:00:29,204 [ERROR] LogOutputStream:75 - [STDERR_REDIRECT] Mar 15, 2025 7:00:29 PM java.util.prefs.WindowsPreferences <init>
2025-03-15 19:00:29,205 [ERROR] LogOutputStream:75 - [STDERR_REDIRECT] WARNING: Could not open/create prefs root node Software\JavaSoft\Prefs at root 0xffffffff80000002. Windows RegCreateKeyEx(...) returned error code 5.
2025-03-15 19:00:29,206 [ERROR] LogOutputStream:75 - [STDERR_REDIRECT] 
2025-03-15 19:00:29,553 [INFO] MainUpdater:2872 - connection check result : 10
2025-03-15 19:00:29,553 [INFO] MainUpdater:289 - Updater Check For Update Now.
2025-03-15 19:00:29,553 [INFO] MicroXplorer:498 - Change Database Version : DB.6.0.140
2025-03-15 19:00:29,555 [INFO] McuFinderGlobals:63 - Set McuFinder mode to 2 (CubeIDE integrated)
2025-03-15 19:00:29,556 [INFO] UserAuth:486 - Internet connection configuration mode: 1
2025-03-15 19:00:29,577 [INFO] JxBrowserEngine:152 - Initiate JxBrowser Engine with user profile folder
2025-03-15 19:00:29,709 [INFO] CheckServerUpdateThread:120 - End of CheckServer Thread
2025-03-15 19:00:29,900 [WARN] PackLoader:240 - Cannot read IP mode file for STMicroelectronics.FP-SNS-MOTENVWB1.1.4.0
2025-03-15 19:00:29,907 [WARN] PackLoader:240 - Cannot read IP mode file for STMicroelectronics.X-CUBE-AI.10.0.0
2025-03-15 19:00:29,910 [WARN] PackLoader:240 - Cannot read IP mode file for STMicroelectronics.FP-SNS-SMARTAG2.1.2.0
2025-03-15 19:00:29,914 [WARN] PackLoader:240 - Cannot read IP mode file for STMicroelectronics.FP-SNS-MOTENV1.5.0.0
2025-03-15 19:00:29,918 [WARN] PackLoader:240 - Cannot read IP mode file for STMicroelectronics.FP-ATR-SIGFOX1.3.2.0
2025-03-15 19:00:29,923 [WARN] PackLoader:240 - Cannot read IP mode file for STMicroelectronics.FP-SNS-STBOX1.2.0.0
2025-03-15 19:00:29,930 [WARN] PackLoader:240 - Cannot read IP mode file for STMicroelectronics.X-CUBE-ALS.1.0.2
2025-03-15 19:00:29,931 [INFO] ThirdParty:978 - Integrity check success = true
2025-03-15 19:00:29,931 [INFO] IntegrityCheckThread:100 - exiting critical section [integrity check]
2025-03-15 19:00:29,931 [INFO] IntegrityCheckThread:103 - End integrity checks thread
2025-03-15 19:00:29,939 [INFO] WebApp:169 - Instantiating new browser for Auth
2025-03-15 19:00:30,292 [INFO] WebApp:463 - Apply proxy settings
2025-03-15 19:00:30,292 [INFO] WebApp:548 - Chromium requires no authentication
2025-03-15 19:00:30,297 [INFO] WebApp:491 - Direct internet connection detected
2025-03-15 19:00:30,307 [INFO] WebApp:894 - Register for checkConnection events
2025-03-15 19:00:30,307 [INFO] WebApp:463 - Apply proxy settings
2025-03-15 19:00:30,307 [INFO] WebApp:548 - Chromium requires no authentication
2025-03-15 19:00:30,307 [INFO] WebApp:491 - Direct internet connection detected
2025-03-15 19:00:30,380 [INFO] WebApp:225 - Starting web application
2025-03-15 19:00:30,380 [INFO] WebApp:593 - Web application path used C:\ST\STM32CubeIDE_1.18.0\STM32CubeIDE\plugins\com.st.stm32cube.common.mx_6.14.0.202502271554\db\plugins\mcufinder\reactClient1\index.html
2025-03-15 19:00:30,426 [INFO] UserAuth:486 - Internet connection configuration mode: 1
2025-03-15 19:00:30,452 [INFO] WebApp:191 - Connection restablished
2025-03-15 19:08:15,476 [ERROR] LogOutputStream:75 - [STDERR_REDIRECT] 
